This is pdfTeX, Version 3.141592653-2.6-1.40.26 (MiKTeX 24.4) (preloaded format=pdflatex 2024.7.17)  1 SEP 2024 23:20
entering extended mode
 \write18 enabled.
 file:line:error style messages enabled.
 %&-line parsing enabled.
**c:/Users/adminLocal/Documents/SimsGeek.github.io/src/latex/main.tex
(c:/Users/adminLocal/Documents/SimsGeek.github.io/src/latex/main.tex
LaTeX2e <2024-06-01> patch level 2
L3 programming layer <2024-05-27>
(C:\Users\adminLocal\AppData\Local\Programs\MiKTeX\tex/latex/base\article.cls
Document Class: article 2024/02/08 v1.4n Standard LaTeX document class
(C:\Users\adminLocal\AppData\Local\Programs\MiKTeX\tex/latex/base\size10.clo
File: size10.clo 2024/02/08 v1.4n Standard LaTeX file (size option)
)
\c@part=\count194
\c@section=\count195
\c@subsection=\count196
\c@subsubsection=\count197
\c@paragraph=\count198
\c@subparagraph=\count199
\c@figure=\count266
\c@table=\count267
\abovecaptionskip=\skip49
\belowcaptionskip=\skip50
\bibindent=\dimen141
)
(C:\Users\adminLocal\AppData\Local\Programs\MiKTeX\tex/latex/amsmath\amsmath.st
y
Package: amsmath 2024/05/23 v2.17q AMS math features
\@mathmargin=\skip51

For additional information on amsmath, use the `?' option.

(C:\Users\adminLocal\AppData\Local\Programs\MiKTeX\tex/latex/amsmath\amstext.st
y
Package: amstext 2021/08/26 v2.01 AMS text

(C:\Users\adminLocal\AppData\Local\Programs\MiKTeX\tex/latex/amsmath\amsgen.sty
File: amsgen.sty 1999/11/30 v2.0 generic functions
\@emptytoks=\toks17
\ex@=\dimen142
))
(C:\Users\adminLocal\AppData\Local\Programs\MiKTeX\tex/latex/amsmath\amsbsy.sty
Package: amsbsy 1999/11/29 v1.2d Bold Symbols
\pmbraise@=\dimen143
)
(C:\Users\adminLocal\AppData\Local\Programs\MiKTeX\tex/latex/amsmath\amsopn.sty
Package: amsopn 2022/04/08 v2.04 operator names
)
\inf@bad=\count268
LaTeX Info: Redefining \frac on input line 233.
\uproot@=\count269
\leftroot@=\count270
LaTeX Info: Redefining \overline on input line 398.
LaTeX Info: Redefining \colon on input line 409.
\classnum@=\count271
\DOTSCASE@=\count272
LaTeX Info: Redefining \ldots on input line 495.
LaTeX Info: Redefining \dots on input line 498.
LaTeX Info: Redefining \cdots on input line 619.
\Mathstrutbox@=\box52
\strutbox@=\box53
LaTeX Info: Redefining \big on input line 721.
LaTeX Info: Redefining \Big on input line 722.
LaTeX Info: Redefining \bigg on input line 723.
LaTeX Info: Redefining \Bigg on input line 724.
\big@size=\dimen144
LaTeX Font Info:    Redeclaring font encoding OML on input line 742.
LaTeX Font Info:    Redeclaring font encoding OMS on input line 743.
\macc@depth=\count273
LaTeX Info: Redefining \bmod on input line 904.
LaTeX Info: Redefining \pmod on input line 909.
LaTeX Info: Redefining \smash on input line 939.
LaTeX Info: Redefining \relbar on input line 969.
LaTeX Info: Redefining \Relbar on input line 970.
\c@MaxMatrixCols=\count274
\dotsspace@=\muskip17
\c@parentequation=\count275
\dspbrk@lvl=\count276
\tag@help=\toks18
\row@=\count277
\column@=\count278
\maxfields@=\count279
\andhelp@=\toks19
\eqnshift@=\dimen145
\alignsep@=\dimen146
\tagshift@=\dimen147
\tagwidth@=\dimen148
\totwidth@=\dimen149
\lineht@=\dimen150
\@envbody=\toks20
\multlinegap=\skip52
\multlinetaggap=\skip53
\mathdisplay@stack=\toks21
LaTeX Info: Redefining \[ on input line 2953.
LaTeX Info: Redefining \] on input line 2954.
)
(C:\Users\adminLocal\AppData\Local\Programs\MiKTeX\tex/latex/amsfonts\amssymb.s
ty
Package: amssymb 2013/01/14 v3.01 AMS font symbols

(C:\Users\adminLocal\AppData\Local\Programs\MiKTeX\tex/latex/amsfonts\amsfonts.
sty
Package: amsfonts 2013/01/14 v3.01 Basic AMSFonts support
\symAMSa=\mathgroup4
\symAMSb=\mathgroup5
LaTeX Font Info:    Redeclaring math symbol \hbar on input line 98.
LaTeX Font Info:    Overwriting math alphabet `\mathfrak' in version `bold'
(Font)                  U/euf/m/n --> U/euf/b/n on input line 106.
))
(C:\Users\adminLocal\AppData\Local\Programs\MiKTeX\tex/generic/iftex\iftex.sty
Package: iftex 2022/02/03 v1.0f TeX engine tests
) (C:\Users\adminLocal\AppData\Local\Programs\MiKTeX\tex/latex/base\fontenc.sty
Package: fontenc 2021/04/29 v2.0v Standard LaTeX package
) (C:\Users\adminLocal\AppData\Local\Programs\MiKTeX\tex/latex/base\inputenc.st
y
Package: inputenc 2024/02/08 v1.3d Input encoding file
\inpenc@prehook=\toks22
\inpenc@posthook=\toks23
)
(C:\Users\adminLocal\AppData\Local\Programs\MiKTeX\tex/latex/base\textcomp.sty
Package: textcomp 2024/04/24 v2.1b Standard LaTeX package
) (C:\Users\adminLocal\AppData\Local\Programs\MiKTeX\tex/latex/lm\lmodern.sty
Package: lmodern 2015/05/01 v1.6.1 Latin Modern Fonts
LaTeX Font Info:    Overwriting symbol font `operators' in version `normal'
(Font)                  OT1/cmr/m/n --> OT1/lmr/m/n on input line 22.
LaTeX Font Info:    Overwriting symbol font `letters' in version `normal'
(Font)                  OML/cmm/m/it --> OML/lmm/m/it on input line 23.
LaTeX Font Info:    Overwriting symbol font `symbols' in version `normal'
(Font)                  OMS/cmsy/m/n --> OMS/lmsy/m/n on input line 24.
LaTeX Font Info:    Overwriting symbol font `largesymbols' in version `normal'
(Font)                  OMX/cmex/m/n --> OMX/lmex/m/n on input line 25.
LaTeX Font Info:    Overwriting symbol font `operators' in version `bold'
(Font)                  OT1/cmr/bx/n --> OT1/lmr/bx/n on input line 26.
LaTeX Font Info:    Overwriting symbol font `letters' in version `bold'
(Font)                  OML/cmm/b/it --> OML/lmm/b/it on input line 27.
LaTeX Font Info:    Overwriting symbol font `symbols' in version `bold'
(Font)                  OMS/cmsy/b/n --> OMS/lmsy/b/n on input line 28.
LaTeX Font Info:    Overwriting symbol font `largesymbols' in version `bold'
(Font)                  OMX/cmex/m/n --> OMX/lmex/m/n on input line 29.
LaTeX Font Info:    Overwriting math alphabet `\mathbf' in version `normal'
(Font)                  OT1/cmr/bx/n --> OT1/lmr/bx/n on input line 31.
LaTeX Font Info:    Overwriting math alphabet `\mathsf' in version `normal'
(Font)                  OT1/cmss/m/n --> OT1/lmss/m/n on input line 32.
LaTeX Font Info:    Overwriting math alphabet `\mathit' in version `normal'
(Font)                  OT1/cmr/m/it --> OT1/lmr/m/it on input line 33.
LaTeX Font Info:    Overwriting math alphabet `\mathtt' in version `normal'
(Font)                  OT1/cmtt/m/n --> OT1/lmtt/m/n on input line 34.
LaTeX Font Info:    Overwriting math alphabet `\mathbf' in version `bold'
(Font)                  OT1/cmr/bx/n --> OT1/lmr/bx/n on input line 35.
LaTeX Font Info:    Overwriting math alphabet `\mathsf' in version `bold'
(Font)                  OT1/cmss/bx/n --> OT1/lmss/bx/n on input line 36.
LaTeX Font Info:    Overwriting math alphabet `\mathit' in version `bold'
(Font)                  OT1/cmr/bx/it --> OT1/lmr/bx/it on input line 37.
LaTeX Font Info:    Overwriting math alphabet `\mathtt' in version `bold'
(Font)                  OT1/cmtt/m/n --> OT1/lmtt/m/n on input line 38.
)
(C:\Users\adminLocal\AppData\Local\Programs\MiKTeX\tex/latex/upquote\upquote.st
y
Package: upquote 2012/04/19 v1.3 upright-quote and grave-accent glyphs in verba
tim
)
(C:\Users\adminLocal\AppData\Local\Programs\MiKTeX\tex/latex/microtype\microtyp
e.sty
Package: microtype 2024/03/29 v3.1b Micro-typographical refinements (RS)

(C:\Users\adminLocal\AppData\Local\Programs\MiKTeX\tex/latex/graphics\keyval.st
y
Package: keyval 2022/05/29 v1.15 key=value parser (DPC)
\KV@toks@=\toks24
)
(C:\Users\adminLocal\AppData\Local\Programs\MiKTeX\tex/latex/etoolbox\etoolbox.
sty
Package: etoolbox 2020/10/05 v2.5k e-TeX tools for LaTeX (JAW)
\etb@tempcnta=\count280
)
\MT@toks=\toks25
\MT@tempbox=\box54
\MT@count=\count281
LaTeX Info: Redefining \noprotrusionifhmode on input line 1061.
LaTeX Info: Redefining \leftprotrusion on input line 1062.
\MT@prot@toks=\toks26
LaTeX Info: Redefining \rightprotrusion on input line 1081.
LaTeX Info: Redefining \textls on input line 1392.
\MT@outer@kern=\dimen151
LaTeX Info: Redefining \textmicrotypecontext on input line 2013.
\MT@listname@count=\count282

(C:\Users\adminLocal\AppData\Local\Programs\MiKTeX\tex/latex/microtype\microtyp
e-pdftex.def
File: microtype-pdftex.def 2024/03/29 v3.1b Definitions specific to pdftex (RS)

LaTeX Info: Redefining \lsstyle on input line 902.
LaTeX Info: Redefining \lslig on input line 902.
\MT@outer@space=\skip54
)
Package microtype Info: Loading configuration file microtype.cfg.

(C:\Users\adminLocal\AppData\Local\Programs\MiKTeX\tex/latex/microtype\microtyp
e.cfg
File: microtype.cfg 2024/03/29 v3.1b microtype main configuration file (RS)
))
(C:\Users\adminLocal\AppData\Local\Programs\MiKTeX\tex/latex/parskip\parskip.st
y
Package: parskip 2021-03-14 v2.0h non-zero parskip adjustments

(C:\Users\adminLocal\AppData\Local\Programs\MiKTeX\tex/latex/kvoptions\kvoption
s.sty
Package: kvoptions 2022-06-15 v3.15 Key value format for package options (HO)

(C:\Users\adminLocal\AppData\Local\Programs\MiKTeX\tex/generic/ltxcmds\ltxcmds.
sty
Package: ltxcmds 2023-12-04 v1.26 LaTeX kernel commands for general use (HO)
)
(C:\Users\adminLocal\AppData\Local\Programs\MiKTeX\tex/latex/kvsetkeys\kvsetkey
s.sty
Package: kvsetkeys 2022-10-05 v1.19 Key value parser (HO)
)))
(C:\Users\adminLocal\AppData\Local\Programs\MiKTeX\tex/latex/xcolor\xcolor.sty
Package: xcolor 2023/11/15 v3.01 LaTeX color extensions (UK)

(C:\Users\adminLocal\AppData\Local\Programs\MiKTeX\tex/latex/graphics-cfg\color
.cfg
File: color.cfg 2016/01/02 v1.6 sample color configuration
)
Package xcolor Info: Driver file: pdftex.def on input line 274.

(C:\Users\adminLocal\AppData\Local\Programs\MiKTeX\tex/latex/graphics-def\pdfte
x.def
File: pdftex.def 2024/04/13 v1.2c Graphics/color driver for pdftex
)
(C:\Users\adminLocal\AppData\Local\Programs\MiKTeX\tex/latex/graphics\mathcolor
.ltx)
Package xcolor Info: Model `cmy' substituted by `cmy0' on input line 1350.
Package xcolor Info: Model `hsb' substituted by `rgb' on input line 1354.
Package xcolor Info: Model `RGB' extended on input line 1366.
Package xcolor Info: Model `HTML' substituted by `rgb' on input line 1368.
Package xcolor Info: Model `Hsb' substituted by `hsb' on input line 1369.
Package xcolor Info: Model `tHsb' substituted by `hsb' on input line 1370.
Package xcolor Info: Model `HSB' substituted by `hsb' on input line 1371.
Package xcolor Info: Model `Gray' substituted by `gray' on input line 1372.
Package xcolor Info: Model `wave' substituted by `hsb' on input line 1373.
)
(C:\Users\adminLocal\AppData\Local\Programs\MiKTeX\tex/latex/tools\longtable.st
y
Package: longtable 2024-04-26 v4.20 Multi-page Table package (DPC)
\LTleft=\skip55
\LTright=\skip56
\LTpre=\skip57
\LTpost=\skip58
\LTchunksize=\count283
\LTcapwidth=\dimen152
\LT@head=\box55
\LT@firsthead=\box56
\LT@foot=\box57
\LT@lastfoot=\box58
\LT@gbox=\box59
\LT@cols=\count284
\LT@rows=\count285
\c@LT@tables=\count286
\c@LT@chunks=\count287
\LT@p@ftn=\toks27
)
(C:\Users\adminLocal\AppData\Local\Programs\MiKTeX\tex/latex/booktabs\booktabs.
sty
Package: booktabs 2020/01/12 v1.61803398 Publication quality tables
\heavyrulewidth=\dimen153
\lightrulewidth=\dimen154
\cmidrulewidth=\dimen155
\belowrulesep=\dimen156
\belowbottomsep=\dimen157
\aboverulesep=\dimen158
\abovetopsep=\dimen159
\cmidrulesep=\dimen160
\cmidrulekern=\dimen161
\defaultaddspace=\dimen162
\@cmidla=\count288
\@cmidlb=\count289
\@aboverulesep=\dimen163
\@belowrulesep=\dimen164
\@thisruleclass=\count290
\@lastruleclass=\count291
\@thisrulewidth=\dimen165
)
(C:\Users\adminLocal\AppData\Local\Programs\MiKTeX\tex/latex/tools\array.sty
Package: array 2024/06/14 v2.6d Tabular extension package (FMi)
\col@sep=\dimen166
\ar@mcellbox=\box60
\extrarowheight=\dimen167
\NC@list=\toks28
\extratabsurround=\skip59
\backup@length=\skip60
\ar@cellbox=\box61
)
(C:\Users\adminLocal\AppData\Local\Programs\MiKTeX\tex/latex/tools\calc.sty
Package: calc 2023/07/08 v4.3 Infix arithmetic (KKT,FJ)
\calc@Acount=\count292
\calc@Bcount=\count293
\calc@Adimen=\dimen168
\calc@Bdimen=\dimen169
\calc@Askip=\skip61
\calc@Bskip=\skip62
LaTeX Info: Redefining \setlength on input line 80.
LaTeX Info: Redefining \addtolength on input line 81.
\calc@Ccount=\count294
\calc@Cskip=\skip63
)
(C:\Users\adminLocal\AppData\Local\Programs\MiKTeX\tex/latex/footnotehyper\foot
notehyper.sty
Package: footnotehyper 2021/08/13 v1.1e hyperref aware footnote.sty (JFB)
\FNH@notes=\box62
\FNH@width=\dimen170
\FNH@toks=\toks29
)
(C:\Users\adminLocal\AppData\Local\Programs\MiKTeX\tex/latex/graphics\graphicx.
sty
Package: graphicx 2021/09/16 v1.2d Enhanced LaTeX Graphics (DPC,SPQR)

(C:\Users\adminLocal\AppData\Local\Programs\MiKTeX\tex/latex/graphics\graphics.
sty
Package: graphics 2024/05/23 v1.4g Standard LaTeX Graphics (DPC,SPQR)

(C:\Users\adminLocal\AppData\Local\Programs\MiKTeX\tex/latex/graphics\trig.sty
Package: trig 2023/12/02 v1.11 sin cos tan (DPC)
)
(C:\Users\adminLocal\AppData\Local\Programs\MiKTeX\tex/latex/graphics-cfg\graph
ics.cfg
File: graphics.cfg 2016/06/04 v1.11 sample graphics configuration
)
Package graphics Info: Driver file: pdftex.def on input line 106.
)
\Gin@req@height=\dimen171
\Gin@req@width=\dimen172
)
(C:\Users\adminLocal\AppData\Local\Programs\MiKTeX\tex/generic/babel\babel.sty
Package: babel 2024/06/26 v24.7 The Babel package
\babel@savecnt=\count295
\U@D=\dimen173
\l@unhyphenated=\language79

(C:\Users\adminLocal\AppData\Local\Programs\MiKTeX\tex/generic/babel\txtbabel.d
ef)
\bbl@readstream=\read2
\bbl@dirlevel=\count296

*************************************
* Local config file bblopts.cfg used
*
(C:\Users\adminLocal\AppData\Local\Programs\MiKTeX\tex/latex/arabi\bblopts.cfg
File: bblopts.cfg 2005/09/08 v0.1 add Arabic and Farsi to "declared" options of
 babel
)
Package babel Info: You haven't specified a language as a class or package
(babel)             option. I'll load 'nil'. Reported on input line 4269.
(C:\Users\adminLocal\AppData\Local\Programs\MiKTeX\tex/generic/babel\nil.ldf
Language: nil 2024/06/26 v24.7 Nil language
\l@nil=\language80
))
\everypar=\toks30

(C:\Users\adminLocal\AppData\Local\Programs\MiKTeX\tex/generic/babel/locale/fr\
babel-french.tex)
Package babel Info: Importing data for french
(babel)             from babel-fr.ini. Reported on input line 71.

(C:\Users\adminLocal\AppData\Local\Programs\MiKTeX\tex/generic/babel/locale/fr\
babel-french.tex)
(C:\Users\adminLocal\AppData\Local\Programs\MiKTeX\tex/latex/subfig\subfig.sty
Package: subfig 2005/06/28 ver: 1.3 subfig package

(C:\Users\adminLocal\AppData\Local\Programs\MiKTeX\tex/latex/caption\caption.st
y
Package: caption 2023/03/12 v3.6j Customizing captions (AR)

(C:\Users\adminLocal\AppData\Local\Programs\MiKTeX\tex/latex/caption\caption3.s
ty
Package: caption3 2023/03/12 v2.4 caption3 kernel (AR)
\caption@tempdima=\dimen174
\captionmargin=\dimen175
\caption@leftmargin=\dimen176
\caption@rightmargin=\dimen177
\caption@width=\dimen178
\caption@indent=\dimen179
\caption@parindent=\dimen180
\caption@hangindent=\dimen181
Package caption Info: Standard document class detected.
)
\c@caption@flags=\count297
\c@continuedfloat=\count298
Package caption Info: longtable package is loaded.

(C:\Users\adminLocal\AppData\Local\Programs\MiKTeX\tex/latex/caption\ltcaption.
sty
Package: ltcaption 2021/01/08 v1.4c longtable captions (AR)
))
\c@KVtest=\count299
\sf@farskip=\skip64
\sf@captopadj=\dimen182
\sf@capskip=\skip65
\sf@nearskip=\skip66
\c@subfigure=\count300
\c@subfigure@save=\count301
\c@lofdepth=\count302
\c@subtable=\count303
\c@subtable@save=\count304
\c@lotdepth=\count305
\sf@top=\skip67
\sf@bottom=\skip68
)
\c@pandoccrossref@subfigures@footnote@counter=\count306

(C:\Users\adminLocal\AppData\Local\Programs\MiKTeX\tex/latex/float\float.sty
Package: float 2001/11/08 v1.3d Float enhancements (AL)
\c@float@type=\count307
\float@exts=\toks31
\float@box=\box63
\@float@everytoks=\toks32
\@floatcapt=\box64
)
\@float@every@codelisting=\toks33
\c@codelisting=\count308

(C:\Users\adminLocal\AppData\Local\Programs\MiKTeX\tex/latex/biblatex\biblatex.
sty
Package: biblatex 2024/03/21 v3.20 programmable bibliographies (PK/MW)

(C:\Users\adminLocal\AppData\Local\Programs\MiKTeX\tex/generic/pdftexcmds\pdfte
xcmds.sty
Package: pdftexcmds 2020-06-27 v0.33 Utility functions of pdfTeX for LuaTeX (HO
)

(C:\Users\adminLocal\AppData\Local\Programs\MiKTeX\tex/generic/infwarerr\infwar
err.sty
Package: infwarerr 2019/12/03 v1.5 Providing info/warning/error messages (HO)
)
Package pdftexcmds Info: \pdf@primitive is available.
Package pdftexcmds Info: \pdf@ifprimitive is available.
Package pdftexcmds Info: \pdfdraftmode found.
)
(C:\Users\adminLocal\AppData\Local\Programs\MiKTeX\tex/latex/logreq\logreq.sty
Package: logreq 2010/08/04 v1.0 xml request logger
\lrq@indent=\count309

(C:\Users\adminLocal\AppData\Local\Programs\MiKTeX\tex/latex/logreq\logreq.def
File: logreq.def 2010/08/04 v1.0 logreq spec v1.0
)) (C:\Users\adminLocal\AppData\Local\Programs\MiKTeX\tex/latex/base\ifthen.sty
Package: ifthen 2024/03/16 v1.1e Standard LaTeX ifthen package (DPC)
) (C:\Users\adminLocal\AppData\Local\Programs\MiKTeX\tex/latex/url\url.sty
\Urlmuskip=\muskip18
Package: url 2013/09/16  ver 3.4  Verb mode for urls, etc.
)
\c@tabx@nest=\count310
\c@listtotal=\count311
\c@listcount=\count312
\c@liststart=\count313
\c@liststop=\count314
\c@citecount=\count315
\c@citetotal=\count316
\c@multicitecount=\count317
\c@multicitetotal=\count318
\c@instcount=\count319
\c@maxnames=\count320
\c@minnames=\count321
\c@maxitems=\count322
\c@minitems=\count323
\c@citecounter=\count324
\c@maxcitecounter=\count325
\c@savedcitecounter=\count326
\c@uniquelist=\count327
\c@uniquename=\count328
\c@refsection=\count329
\c@refsegment=\count330
\c@maxextratitle=\count331
\c@maxextratitleyear=\count332
\c@maxextraname=\count333
\c@maxextradate=\count334
\c@maxextraalpha=\count335
\c@abbrvpenalty=\count336
\c@highnamepenalty=\count337
\c@lownamepenalty=\count338
\c@maxparens=\count339
\c@parenlevel=\count340
\blx@tempcnta=\count341
\blx@tempcntb=\count342
\blx@tempcntc=\count343
\c@blx@maxsection=\count344
\blx@maxsegment@0=\count345
\blx@notetype=\count346
\blx@parenlevel@text=\count347
\blx@parenlevel@foot=\count348
\blx@sectionciteorder@0=\count349
\blx@sectionciteorderinternal@0=\count350
\blx@entrysetcounter=\count351
\blx@biblioinstance=\count352
\labelnumberwidth=\skip69
\labelalphawidth=\skip70
\biblabelsep=\skip71
\bibitemsep=\skip72
\bibnamesep=\skip73
\bibinitsep=\skip74
\bibparsep=\skip75
\bibhang=\skip76
\blx@bcfin=\read3
\blx@bcfout=\write3
\blx@langwohyphens=\language81
\c@mincomprange=\count353
\c@maxcomprange=\count354
\c@mincompwidth=\count355
Package biblatex Info: Trying to load biblatex default data model...
Package biblatex Info: ... file 'blx-dm.def' found.

(C:\Users\adminLocal\AppData\Local\Programs\MiKTeX\tex/latex/biblatex\blx-dm.de
f
File: blx-dm.def 2024/03/21 v3.20 biblatex datamodel (PK/MW)
)
Package biblatex Info: Trying to load biblatex custom data model...
Package biblatex Info: ... file 'biblatex-dm.cfg' not found.
\c@afterword=\count356
\c@savedafterword=\count357
\c@annotator=\count358
\c@savedannotator=\count359
\c@author=\count360
\c@savedauthor=\count361
\c@bookauthor=\count362
\c@savedbookauthor=\count363
\c@commentator=\count364
\c@savedcommentator=\count365
\c@editor=\count366
\c@savededitor=\count367
\c@editora=\count368
\c@savededitora=\count369
\c@editorb=\count370
\c@savededitorb=\count371
\c@editorc=\count372
\c@savededitorc=\count373
\c@foreword=\count374
\c@savedforeword=\count375
\c@holder=\count376
\c@savedholder=\count377
\c@introduction=\count378
\c@savedintroduction=\count379
\c@namea=\count380
\c@savednamea=\count381
\c@nameb=\count382
\c@savednameb=\count383
\c@namec=\count384
\c@savednamec=\count385
\c@translator=\count386
\c@savedtranslator=\count387
\c@shortauthor=\count388
\c@savedshortauthor=\count389
\c@shorteditor=\count390
\c@savedshorteditor=\count391
\c@labelname=\count392
\c@savedlabelname=\count393
\c@institution=\count394
\c@savedinstitution=\count395
\c@lista=\count396
\c@savedlista=\count397
\c@listb=\count398
\c@savedlistb=\count399
\c@listc=\count400
\c@savedlistc=\count401
\c@listd=\count402
\c@savedlistd=\count403
\c@liste=\count404
\c@savedliste=\count405
\c@listf=\count406
\c@savedlistf=\count407
\c@location=\count408
\c@savedlocation=\count409
\c@organization=\count410
\c@savedorganization=\count411
\c@origlocation=\count412
\c@savedoriglocation=\count413
\c@origpublisher=\count414
\c@savedorigpublisher=\count415
\c@publisher=\count416
\c@savedpublisher=\count417
\c@language=\count418
\c@savedlanguage=\count419
\c@origlanguage=\count420
\c@savedoriglanguage=\count421
\c@pageref=\count422
\c@savedpageref=\count423
\shorthandwidth=\skip77
\shortjournalwidth=\skip78
\shortserieswidth=\skip79
\shorttitlewidth=\skip80
\shortauthorwidth=\skip81
\shorteditorwidth=\skip82
\locallabelnumberwidth=\skip83
\locallabelalphawidth=\skip84
\localshorthandwidth=\skip85
\localshortjournalwidth=\skip86
\localshortserieswidth=\skip87
\localshorttitlewidth=\skip88
\localshortauthorwidth=\skip89
\localshorteditorwidth=\skip90
Package biblatex Info: Trying to load compatibility code...
Package biblatex Info: ... file 'blx-compat.def' found.

(C:\Users\adminLocal\AppData\Local\Programs\MiKTeX\tex/latex/biblatex\blx-compa
t.def
File: blx-compat.def 2024/03/21 v3.20 biblatex compatibility (PK/MW)
)
Package biblatex Info: Trying to load generic definitions...
Package biblatex Info: ... file 'biblatex.def' found.

(C:\Users\adminLocal\AppData\Local\Programs\MiKTeX\tex/latex/biblatex\biblatex.
def
File: biblatex.def 2024/03/21 v3.20 biblatex compatibility (PK/MW)
\c@textcitecount=\count424
\c@textcitetotal=\count425
\c@textcitemaxnames=\count426
\c@biburlbigbreakpenalty=\count427
\c@biburlbreakpenalty=\count428
\c@biburlnumpenalty=\count429
\c@biburlucpenalty=\count430
\c@biburllcpenalty=\count431
\biburlbigskip=\muskip19
\biburlnumskip=\muskip20
\biburlucskip=\muskip21
\biburllcskip=\muskip22
\c@smartand=\count432
)
Package biblatex Info: Trying to load bibliography style 'numeric'...
Package biblatex Info: ... file 'numeric.bbx' found.

(C:\Users\adminLocal\AppData\Local\Programs\MiKTeX\tex/latex/biblatex/bbx\numer
ic.bbx
File: numeric.bbx 2024/03/21 v3.20 biblatex bibliography style (PK/MW)
Package biblatex Info: Trying to load bibliography style 'standard'...
Package biblatex Info: ... file 'standard.bbx' found.

(C:\Users\adminLocal\AppData\Local\Programs\MiKTeX\tex/latex/biblatex/bbx\stand
ard.bbx
File: standard.bbx 2024/03/21 v3.20 biblatex bibliography style (PK/MW)
\c@bbx:relatedcount=\count433
\c@bbx:relatedtotal=\count434
))
Package biblatex Info: Trying to load citation style 'numeric'...
Package biblatex Info: ... file 'numeric.cbx' found.

(C:\Users\adminLocal\AppData\Local\Programs\MiKTeX\tex/latex/biblatex/cbx\numer
ic.cbx
File: numeric.cbx 2024/03/21 v3.20 biblatex citation style (PK/MW)
Package biblatex Info: Redefining '\cite'.
Package biblatex Info: Redefining '\parencite'.
Package biblatex Info: Redefining '\footcite'.
Package biblatex Info: Redefining '\footcitetext'.
Package biblatex Info: Redefining '\smartcite'.
Package biblatex Info: Redefining '\supercite'.
Package biblatex Info: Redefining '\textcite'.
Package biblatex Info: Redefining '\textcites'.
Package biblatex Info: Redefining '\cites'.
Package biblatex Info: Redefining '\parencites'.
Package biblatex Info: Redefining '\smartcites'.
)
Package biblatex Info: Trying to load configuration file...
Package biblatex Info: ... file 'biblatex.cfg' found.

(C:\Users\adminLocal\AppData\Local\Programs\MiKTeX\tex/latex/biblatex\biblatex.
cfg
File: biblatex.cfg 
)
Package biblatex Info: Input encoding 'utf8' detected.
Package biblatex Info: Document encoding is UTF8 ....

(C:\Users\adminLocal\AppData\Local\Programs\MiKTeX\tex/latex/l3kernel\expl3.sty
Package: expl3 2024-05-27 L3 programming layer (loader) 

(C:\Users\adminLocal\AppData\Local\Programs\MiKTeX\tex/latex/l3backend\l3backen
d-pdftex.def
File: l3backend-pdftex.def 2024-05-08 L3 backend support: PDF output (pdfTeX)
\l__color_backend_stack_int=\count435
\l__pdf_internal_box=\box65
))
Package biblatex Info: ... and expl3
(biblatex)             2024-05-27 L3 programming layer (loader) 
(biblatex)             is new enough (at least 2020/04/06),
(biblatex)             setting 'casechanger=expl3'.

(C:\Users\adminLocal\AppData\Local\Programs\MiKTeX\tex/latex/biblatex\blx-case-
expl3.sty
(C:\Users\adminLocal\AppData\Local\Programs\MiKTeX\tex/latex/l3packages/xparse\
xparse.sty
Package: xparse 2024-05-08 L3 Experimental document command parser
)
Package: blx-case-expl3 2024/03/21 v3.20 expl3 case changing code for biblatex
))
(C:\Users\adminLocal\AppData\Local\Programs\MiKTeX\tex/latex/bookmark\bookmark.
sty
Package: bookmark 2023-12-10 v1.31 PDF bookmarks (HO)

(C:\Users\adminLocal\AppData\Local\Programs\MiKTeX\tex/latex/hyperref\hyperref.
sty
Package: hyperref 2024-05-23 v7.01i Hypertext links for LaTeX

(C:\Users\adminLocal\AppData\Local\Programs\MiKTeX\tex/generic/kvdefinekeys\kvd
efinekeys.sty
Package: kvdefinekeys 2019-12-19 v1.6 Define keys (HO)
)
(C:\Users\adminLocal\AppData\Local\Programs\MiKTeX\tex/generic/pdfescape\pdfesc
ape.sty
Package: pdfescape 2019/12/09 v1.15 Implements pdfTeX's escape features (HO)
)
(C:\Users\adminLocal\AppData\Local\Programs\MiKTeX\tex/latex/hycolor\hycolor.st
y
Package: hycolor 2020-01-27 v1.10 Color options for hyperref/bookmark (HO)
)
(C:\Users\adminLocal\AppData\Local\Programs\MiKTeX\tex/latex/hyperref\nameref.s
ty
Package: nameref 2023-11-26 v2.56 Cross-referencing by name of section

(C:\Users\adminLocal\AppData\Local\Programs\MiKTeX\tex/latex/refcount\refcount.
sty
Package: refcount 2019/12/15 v3.6 Data extraction from label references (HO)
)
(C:\Users\adminLocal\AppData\Local\Programs\MiKTeX\tex/generic/gettitlestring\g
ettitlestring.sty
Package: gettitlestring 2019/12/15 v1.6 Cleanup title references (HO)
)
\c@section@level=\count436
)
(C:\Users\adminLocal\AppData\Local\Programs\MiKTeX\tex/generic/stringenc\string
enc.sty
Package: stringenc 2019/11/29 v1.12 Convert strings between diff. encodings (HO
)
)
\@linkdim=\dimen183
\Hy@linkcounter=\count437
\Hy@pagecounter=\count438

(C:\Users\adminLocal\AppData\Local\Programs\MiKTeX\tex/latex/hyperref\pd1enc.de
f
File: pd1enc.def 2024-05-23 v7.01i Hyperref: PDFDocEncoding definition (HO)
Now handling font encoding PD1 ...
... no UTF-8 mapping file for font encoding PD1
)
(C:\Users\adminLocal\AppData\Local\Programs\MiKTeX\tex/generic/intcalc\intcalc.
sty
Package: intcalc 2019/12/15 v1.3 Expandable calculations with integers (HO)
)
\Hy@SavedSpaceFactor=\count439

(C:\Users\adminLocal\AppData\Local\Programs\MiKTeX\tex/latex/hyperref\puenc.def
File: puenc.def 2024-05-23 v7.01i Hyperref: PDF Unicode definition (HO)
Now handling font encoding PU ...
... no UTF-8 mapping file for font encoding PU
)
Package hyperref Info: Option `unicode' set `true' on input line 4040.
Package hyperref Info: Hyper figures OFF on input line 4157.
Package hyperref Info: Link nesting OFF on input line 4162.
Package hyperref Info: Hyper index ON on input line 4165.
Package hyperref Info: Plain pages OFF on input line 4172.
Package hyperref Info: Backreferencing OFF on input line 4177.
Package hyperref Info: Implicit mode ON; LaTeX internals redefined.
Package hyperref Info: Bookmarks ON on input line 4424.
\c@Hy@tempcnt=\count440
LaTeX Info: Redefining \url on input line 4763.
\XeTeXLinkMargin=\dimen184

(C:\Users\adminLocal\AppData\Local\Programs\MiKTeX\tex/generic/bitset\bitset.st
y
Package: bitset 2019/12/09 v1.3 Handle bit-vector datatype (HO)

(C:\Users\adminLocal\AppData\Local\Programs\MiKTeX\tex/generic/bigintcalc\bigin
tcalc.sty
Package: bigintcalc 2019/12/15 v1.5 Expandable calculations on big integers (HO
)
))
\Fld@menulength=\count441
\Field@Width=\dimen185
\Fld@charsize=\dimen186
Package hyperref Info: Hyper figures OFF on input line 6042.
Package hyperref Info: Link nesting OFF on input line 6047.
Package hyperref Info: Hyper index ON on input line 6050.
Package hyperref Info: backreferencing OFF on input line 6057.
Package hyperref Info: Link coloring OFF on input line 6062.
Package hyperref Info: Link coloring with OCG OFF on input line 6067.
Package hyperref Info: PDF/A mode OFF on input line 6072.

(C:\Users\adminLocal\AppData\Local\Programs\MiKTeX\tex/latex/base\atbegshi-ltx.
sty
Package: atbegshi-ltx 2021/01/10 v1.0c Emulation of the original atbegshi
package with kernel methods
)
\Hy@abspage=\count442
\c@Item=\count443
\c@Hfootnote=\count444
)
Package hyperref Info: Driver (autodetected): hpdftex.

(C:\Users\adminLocal\AppData\Local\Programs\MiKTeX\tex/latex/hyperref\hpdftex.d
ef
File: hpdftex.def 2024-05-23 v7.01i Hyperref driver for pdfTeX

(C:\Users\adminLocal\AppData\Local\Programs\MiKTeX\tex/latex/base\atveryend-ltx
.sty
Package: atveryend-ltx 2020/08/19 v1.0a Emulation of the original atveryend pac
kage
with kernel methods
)
\Fld@listcount=\count445
\c@bookmark@seq@number=\count446

(C:\Users\adminLocal\AppData\Local\Programs\MiKTeX\tex/latex/rerunfilecheck\rer
unfilecheck.sty
Package: rerunfilecheck 2022-07-10 v1.10 Rerun checks for auxiliary files (HO)

(C:\Users\adminLocal\AppData\Local\Programs\MiKTeX\tex/generic/uniquecounter\un
iquecounter.sty
Package: uniquecounter 2019/12/15 v1.4 Provide unlimited unique counter (HO)
)
Package uniquecounter Info: New unique counter `rerunfilecheck' on input line 2
85.
)
\Hy@SectionHShift=\skip91
)
(C:\Users\adminLocal\AppData\Local\Programs\MiKTeX\tex/latex/bookmark\bkm-pdfte
x.def
File: bkm-pdftex.def 2023-12-10 v1.31 bookmark driver for pdfTeX and luaTeX (HO
)
\BKM@id=\count447
))
(C:\Users\adminLocal\AppData\Local\Programs\MiKTeX\tex/latex/xurl\xurl.sty
Package: xurl 2022/01/09 v 0.10 modify URL breaks

xurl: Set penalties for biblatex
)

Package biblatex Warning: 'babel/polyglossia' detected but 'csquotes' missing.
(biblatex)                Loading 'csquotes' recommended.

\@quotelevel=\count448
\@quotereset=\count449
LaTeX Font Info:    Trying to load font information for T1+lmr on input line 12
7.
(C:\Users\adminLocal\AppData\Local\Programs\MiKTeX\tex/latex/lm\t1lmr.fd
File: t1lmr.fd 2015/05/01 v1.6.1 Font defs for Latin Modern
)
(main.aux)
\openout1 = `main.aux'.

LaTeX Font Info:    Checking defaults for OML/cmm/m/it on input line 127.
LaTeX Font Info:    ... okay on input line 127.
LaTeX Font Info:    Checking defaults for OMS/cmsy/m/n on input line 127.
LaTeX Font Info:    ... okay on input line 127.
LaTeX Font Info:    Checking defaults for OT1/cmr/m/n on input line 127.
LaTeX Font Info:    ... okay on input line 127.
LaTeX Font Info:    Checking defaults for T1/cmr/m/n on input line 127.
LaTeX Font Info:    ... okay on input line 127.
LaTeX Font Info:    Checking defaults for TS1/cmr/m/n on input line 127.
LaTeX Font Info:    ... okay on input line 127.
LaTeX Font Info:    Checking defaults for OMX/cmex/m/n on input line 127.
LaTeX Font Info:    ... okay on input line 127.
LaTeX Font Info:    Checking defaults for U/cmr/m/n on input line 127.
LaTeX Font Info:    ... okay on input line 127.
LaTeX Font Info:    Checking defaults for PD1/pdf/m/n on input line 127.
LaTeX Font Info:    ... okay on input line 127.
LaTeX Font Info:    Checking defaults for PU/pdf/m/n on input line 127.
LaTeX Font Info:    ... okay on input line 127.
LaTeX Info: Redefining \microtypecontext on input line 127.
Package microtype Info: Applying patch `item' on input line 127.
Package microtype Info: Applying patch `toc' on input line 127.
Package microtype Info: Applying patch `eqnum' on input line 127.
Package microtype Info: Applying patch `footnote' on input line 127.
Package microtype Info: Applying patch `verbatim' on input line 127.
Package microtype Info: Generating PDF output.
Package microtype Info: Character protrusion enabled (level 2).
Package microtype Info: Using protrusion set `basicmath'.
Package microtype Info: Automatic font expansion enabled (level 2),
(microtype)             stretch: 20, shrink: 20, step: 1, non-selected.
Package microtype Info: Using default expansion set `alltext-nott'.
LaTeX Info: Redefining \showhyphens on input line 127.
Package microtype Info: No adjustment of tracking.
Package microtype Info: No adjustment of interword spacing.
Package microtype Info: No adjustment of character kerning.

(C:\Users\adminLocal\AppData\Local\Programs\MiKTeX\tex/latex/microtype\mt-cmr.c
fg
File: mt-cmr.cfg 2013/05/19 v2.2 microtype config. file: Computer Modern Roman 
(RS)
)
(C:\Users\adminLocal\AppData\Local\Programs\MiKTeX\tex/context/base/mkii\supp-p
df.mkii
[Loading MPS to PDF converter (version 2006.09.02).]
\scratchcounter=\count450
\scratchdimen=\dimen187
\scratchbox=\box66
\nofMPsegments=\count451
\nofMParguments=\count452
\everyMPshowfont=\toks34
\MPscratchCnt=\count453
\MPscratchDim=\dimen188
\MPnumerator=\count454
\makeMPintoPDFobject=\count455
\everyMPtoPDFconversion=\toks35
)
(C:\Users\adminLocal\AppData\Local\Programs\MiKTeX\tex/latex/epstopdf-pkg\epsto
pdf-base.sty
Package: epstopdf-base 2020-01-24 v2.11 Base part for package epstopdf
Package epstopdf-base Info: Redefining graphics rule for `.eps' on input line 4
85.

(C:\Users\adminLocal\AppData\Local\Programs\MiKTeX\tex/latex/00miktex\epstopdf-
sys.cfg
File: epstopdf-sys.cfg 2021/03/18 v2.0 Configuration of epstopdf for MiKTeX
))
Package caption Info: Begin \AtBeginDocument code.
Package caption Info: subfig package v1.3 is loaded.
Package caption Info: float package is loaded.
Package caption Info: hyperref package is loaded.
Package caption Info: End \AtBeginDocument code.
Package biblatex Info: Trying to load language 'french'...
Package biblatex Info: ... file 'french.lbx' found.

(C:\Users\adminLocal\AppData\Local\Programs\MiKTeX\tex/latex/biblatex/lbx\frenc
h.lbx
File: french.lbx 2024/03/21 v3.20 biblatex localization (PK/MW)
)
Package biblatex Info: Input encoding 'utf8' detected.
Package biblatex Info: Automatic encoding selection.
(biblatex)             Assuming data encoding 'utf8'.
\openout3 = `main.bcf'.

Package biblatex Info: Trying to load bibliographic data...
Package biblatex Info: ... file 'main.bbl' not found.

No file main.bbl.
Package biblatex Info: Reference section=0 on input line 127.
Package biblatex Info: Reference segment=0 on input line 127.
Package hyperref Info: Link coloring OFF on input line 127.
LaTeX Font Info:    Trying to load font information for OT1+lmr on input line 1
29.
(C:\Users\adminLocal\AppData\Local\Programs\MiKTeX\tex/latex/lm\ot1lmr.fd
File: ot1lmr.fd 2015/05/01 v1.6.1 Font defs for Latin Modern
)
LaTeX Font Info:    Trying to load font information for OML+lmm on input line 1
29.

(C:\Users\adminLocal\AppData\Local\Programs\MiKTeX\tex/latex/lm\omllmm.fd
File: omllmm.fd 2015/05/01 v1.6.1 Font defs for Latin Modern
)
LaTeX Font Info:    Trying to load font information for OMS+lmsy on input line 
129.

(C:\Users\adminLocal\AppData\Local\Programs\MiKTeX\tex/latex/lm\omslmsy.fd
File: omslmsy.fd 2015/05/01 v1.6.1 Font defs for Latin Modern
)
LaTeX Font Info:    Trying to load font information for OMX+lmex on input line 
129.

(C:\Users\adminLocal\AppData\Local\Programs\MiKTeX\tex/latex/lm\omxlmex.fd
File: omxlmex.fd 2015/05/01 v1.6.1 Font defs for Latin Modern
)
LaTeX Font Info:    External font `lmex10' loaded for size
(Font)              <12> on input line 129.
LaTeX Font Info:    External font `lmex10' loaded for size
(Font)              <8> on input line 129.
LaTeX Font Info:    External font `lmex10' loaded for size
(Font)              <6> on input line 129.
LaTeX Font Info:    Trying to load font information for U+msa on input line 129
.

(C:\Users\adminLocal\AppData\Local\Programs\MiKTeX\tex/latex/amsfonts\umsa.fd
File: umsa.fd 2013/01/14 v3.01 AMS symbols A
)
(C:\Users\adminLocal\AppData\Local\Programs\MiKTeX\tex/latex/microtype\mt-msa.c
fg
File: mt-msa.cfg 2006/02/04 v1.1 microtype config. file: AMS symbols (a) (RS)
)
LaTeX Font Info:    Trying to load font information for U+msb on input line 129
.

(C:\Users\adminLocal\AppData\Local\Programs\MiKTeX\tex/latex/amsfonts\umsb.fd
File: umsb.fd 2013/01/14 v3.01 AMS symbols B
)
(C:\Users\adminLocal\AppData\Local\Programs\MiKTeX\tex/latex/microtype\mt-msb.c
fg
File: mt-msb.cfg 2005/06/01 v1.0 microtype config. file: AMS symbols (b) (RS)
)
LaTeX Font Info:    Trying to load font information for TS1+lmr on input line 1
44.
 (C:\Users\adminLocal\AppData\Local\Programs\MiKTeX\tex/latex/lm\ts1lmr.fd
File: ts1lmr.fd 2015/05/01 v1.6.1 Font defs for Latin Modern
)

[1

{C:/Users/adminLocal/AppData/Local/MiKTeX/fonts/map/pdftex/pdftex.map}{C:/Users
/adminLocal/AppData/Local/Programs/MiKTeX/fonts/enc/dvips/lm/lm-ec.enc}{C:/User
s/adminLocal/AppData/Local/Programs/MiKTeX/fonts/enc/dvips/lm/lm-ts1.enc}]

[2]

LaTeX Warning: Citation 'alexandreplankRadiodramaTheatreRadio' on page 3 undefi
ned on input line 183.


LaTeX Warning: Citation 'georgesaperghisLunaPark2011' on page 3 undefined on in
put line 183.



[3]

LaTeX Warning: Citation 'gwendolinesoublinPigBoy19862358' on page 4 undefined o
n input line 185.



[4]

LaTeX Warning: Citation 'mullerHamletmachineHoraceMauser1985' on page 5 undefin
ed on input line 187.


LaTeX Warning: Citation 'launayDevenirHamletmachineExperience2001' on page 5 un
defined on input line 187.


LaTeX Warning: Citation 'benjaminabitanPrehistoireFutur' on page 5 undefined on
 input line 187.


LaTeX Warning: Citation 'phauneradioFragmentsHackesFutur' on page 5 undefined o
n input line 187.


LaTeX Warning: Citation 'christophehockePigBoy198623582019' on page 5 undefined
 on input line 189.


LaTeX Warning: Citation 'cietheatresdelentre-deuxPigBoy19862358' on page 5 unde
fined on input line 189.


LaTeX Warning: Citation 'PigBoyTheatre' on page 5 undefined on input line 189.


LaTeX Warning: Citation 'OmbresSoirsHomepage' on page 5 undefined on input line
 189.


LaTeX Warning: Citation 'EcritureDramatiqueGwendoline' on page 5 undefined on i
nput line 189.



[5]
LaTeX Font Info:    External font `lmex10' loaded for size
(Font)              <10> on input line 191.
LaTeX Font Info:    External font `lmex10' loaded for size
(Font)              <7> on input line 191.
LaTeX Font Info:    External font `lmex10' loaded for size
(Font)              <5> on input line 191.


LaTeX Warning: Citation 'sterneHistoireModerniteSonore2015' on page 6 undefined
 on input line 191.


LaTeX Warning: Citation 'larrueSonTheatreXIXeXXIe2016' on page 6 undefined on i
nput line 191.


LaTeX Warning: Citation 'marionchenetier-alevTheatreRadio' on page 6 undefined 
on input line 191.


LaTeX Warning: Citation 'carpentierTheatresOndes2008' on page 6 undefined on in
put line 191.


LaTeX Warning: Citation 'sebastienschmitzCreerEspaceRadiophonique2024' on page 
6 undefined on input line 191.


LaTeX Warning: Citation 'pauldeharmePourArtRadiophonique1930' on page 6 undefin
ed on input line 191.


LaTeX Warning: Citation 'rudolfarnheimRadio2005' on page 6 undefined on input l
ine 191.


Underfull \hbox (badness 10000) in paragraph at lines 191--191
[][][]\T1/lmr/m/n/8 (+20) Voir [] ou en-core
 []


LaTeX Warning: Citation 'pelloisVoixActeurAppreciation2016' on page 6 undefined
 on input line 191.


LaTeX Warning: Citation 'rist200MotsMinute1999' on page 6 undefined on input li
ne 191.



[6]

LaTeX Warning: Citation 'marionchenetier-alevQueRecompensetonOu2021' on page 7 
undefined on input line 193.


LaTeX Warning: Citation 'cardonDemocratieInternetPromesses2010' on page 7 undef
ined on input line 195.


LaTeX Warning: Citation 'cardonDemocratieInternetPromesses2010' on page 7 undef
ined on input line 195.


Underfull \hbox (badness 3240) in paragraph at lines 195--196
[]\T1/lmr/m/n/10 (+20) Caractériser l'écri-ture de Gwen-do-line Sou-blin dans l
a deuxième par-
 []


Underfull \hbox (badness 2261) in paragraph at lines 195--196
\T1/lmr/m/n/10 (+20) tie de-mande d'en-trer plus pro-fon-dé-ment dans la ty-po-
lo-gie de l'in-ter-
 []


Underfull \hbox (badness 1917) in paragraph at lines 195--196
\T1/lmr/m/n/10 (+20) net et l'étude qui est faite de ce moyen de com-mu-ni-ca-t
ion. Il faut
 []


Underfull \hbox (badness 2828) in paragraph at lines 195--196
\T1/lmr/m/n/10 (+20) d'abord sou-li-gner que l'in-ter-net, dès son ap-par-tion,
 n'est pas conçu
 []



[7]

LaTeX Warning: Citation 'julievaleroEnvironnementsMediatiquesDramaturgies' on p
age 8 undefined on input line 197.


LaTeX Warning: Citation 'marionchenetier-alevQueRecompensetonOu2021' on page 8 
undefined on input line 197.


LaTeX Warning: Citation 'carpentierTheatresOndes2008' on page 8 undefined on in
put line 197.


Overfull \hbox (101.9788pt too wide) in paragraph at lines 197--198
\T1/lmr/m/n/10 (-20) dia-tiques et dra-ma-tur-gies contemporaines,[[]]
 []


Overfull \hbox (54.24937pt too wide) in paragraph at lines 197--198
\T1/lmr/m/n/10 (-20) nières an-nées par les prix européens.[[]]
 []



[8]

LaTeX Warning: Citation 'pauldeharmePourArtRadiophonique1930' on page 9 undefin
ed on input line 201.



[9]

[10]

LaTeX Warning: Citation 'oliveiraEsthetiqueEcouteLiaison2011' on page 11 undefi
ned on input line 221.


Underfull \hbox (badness 1014) in paragraph at lines 221--222
\T1/lmr/m/n/10 (+20) La pre-mière dif-fé-rence qui vient à l'es-prit, lors-qu'o
n com-pare la ra-dio
 []


Underfull \hbox (badness 1122) in paragraph at lines 221--222
\T1/lmr/m/n/10 (+20) au théâtre, peut-être la plus évi-dente, est l'ab-sence de
 vi-suel dans le
 []


Underfull \hbox (badness 1466) in paragraph at lines 221--222
\T1/lmr/m/n/10 (+20) monde ra-dio-pho-nique. La ra-dio, le mé-dium aveugle, l'u
ni-vers du tout
 []



[11]

[12]
<./assets/Pictures/10000201000004E9000002C6AB55B1C7B6546AEF.png, id=90, 757.028
24pt x 427.5975pt>
File: ./assets/Pictures/10000201000004E9000002C6AB55B1C7B6546AEF.png Graphic fi
le (type png)
<use ./assets/Pictures/10000201000004E9000002C6AB55B1C7B6546AEF.png>
Package pdftex.def Info: ./assets/Pictures/10000201000004E9000002C6AB55B1C7B654
6AEF.png  used on input line 233.
(pdftex.def)             Requested size: 483.63008pt x 273.17212pt.

Overfull \hbox (138.63008pt too wide) in paragraph at lines 233--234
 [][] 
 []

<./assets/Pictures/100002010000061500000369BC796E070B503D8D.png, id=92, 937.703
25pt x 525.76425pt>
File: ./assets/Pictures/100002010000061500000369BC796E070B503D8D.png Graphic fi
le (type png)
<use ./assets/Pictures/100002010000061500000369BC796E070B503D8D.png>
Package pdftex.def Info: ./assets/Pictures/100002010000061500000369BC796E070B50
3D8D.png  used on input line 239.
(pdftex.def)             Requested size: 483.70236pt x 271.20883pt.

Overfull \hbox (138.70236pt too wide) in paragraph at lines 239--240
 [][] 
 []



[13 <./assets/Pictures/10000201000004E9000002C6AB55B1C7B6546AEF.png>]

[14 <./assets/Pictures/100002010000061500000369BC796E070B503D8D.png>]
<./assets/Pictures/10000201000004C6000002BEFCEC39B4E0EBE82E.png, id=106, 735.94
95pt x 422.7795pt>
File: ./assets/Pictures/10000201000004C6000002BEFCEC39B4E0EBE82E.png Graphic fi
le (type png)
<use ./assets/Pictures/10000201000004C6000002BEFCEC39B4E0EBE82E.png>
Package pdftex.def Info: ./assets/Pictures/10000201000004C6000002BEFCEC39B4E0EB
E82E.png  used on input line 247.
(pdftex.def)             Requested size: 483.69559pt x 277.86768pt.

Overfull \hbox (138.69559pt too wide) in paragraph at lines 247--248
 [][] 
 []



[15 <./assets/Pictures/10000201000004C6000002BEFCEC39B4E0EBE82E.png>]
<./assets/Pictures/10000201000004F4000002C2B712E44AAF95EAF0.png, id=112, 763.65
3pt x 425.1885pt>
File: ./assets/Pictures/10000201000004F4000002C2B712E44AAF95EAF0.png Graphic fi
le (type png)
<use ./assets/Pictures/10000201000004F4000002C2B712E44AAF95EAF0.png>
Package pdftex.def Info: ./assets/Pictures/10000201000004F4000002C2B712E44AAF95
EAF0.png  used on input line 255.
(pdftex.def)             Requested size: 483.6092pt x 269.26505pt.

Overfull \hbox (138.6092pt too wide) in paragraph at lines 255--256
 [][] 
 []

<./assets/Pictures/10000201000002C30000019E3152FCACF0A1D307.png, id=113, 425.79
076pt x 249.3315pt>
File: ./assets/Pictures/10000201000002C30000019E3152FCACF0A1D307.png Graphic fi
le (type png)
<use ./assets/Pictures/10000201000002C30000019E3152FCACF0A1D307.png>
Package pdftex.def Info: ./assets/Pictures/10000201000002C30000019E3152FCACF0A1
D307.png  used on input line 261.
(pdftex.def)             Requested size: 480.48825pt x 281.36084pt.

Overfull \hbox (135.48825pt too wide) in paragraph at lines 261--262
 [][] 
 []

<./assets/Pictures/100002010000028700000391A91BA4932910F52F.png, id=114, 389.65
575pt x 549.85425pt>
File: ./assets/Pictures/100002010000028700000391A91BA4932910F52F.png Graphic fi
le (type png)
<use ./assets/Pictures/100002010000028700000391A91BA4932910F52F.png>
Package pdftex.def Info: ./assets/Pictures/100002010000028700000391A91BA4932910
F52F.png  used on input line 267.
(pdftex.def)             Requested size: 300.24988pt x 423.69112pt.

LaTeX Warning: Citation 'pauldeharmePourArtRadiophonique1930' on page 16 undefi
ned on input line 274.


LaTeX Warning: Citation 'pauldeharmePourArtRadiophonique1930' on page 16 undefi
ned on input line 274.


LaTeX Warning: Citation 'pauldeharmePourArtRadiophonique1930' on page 16 undefi
ned on input line 274.


LaTeX Warning: Citation 'pauldeharmePourArtRadiophonique1930' on page 16 undefi
ned on input line 274.



[16]

[17 <./assets/Pictures/10000201000004F4000002C2B712E44AAF95EAF0.png>]

[18 <./assets/Pictures/10000201000002C30000019E3152FCACF0A1D307.png>]

[19 <./assets/Pictures/100002010000028700000391A91BA4932910F52F.png>]

LaTeX Warning: Citation 'marionchenetier-alevTheatreRadio' on page 20 undefined
 on input line 276.



[20]

[21]

[22]

[23]

[24]

[25]
<./assets/Pictures/1000000000000400000004005745ADB05D1DDF55.jpg, id=174, 1027.8
4pt x 1027.84pt>
File: ./assets/Pictures/1000000000000400000004005745ADB05D1DDF55.jpg Graphic fi
le (type jpg)
<use ./assets/Pictures/1000000000000400000004005745ADB05D1DDF55.jpg>
Package pdftex.def Info: ./assets/Pictures/1000000000000400000004005745ADB05D1D
DF55.jpg  used on input line 310.
(pdftex.def)             Requested size: 483.69653pt x 483.69653pt.

Overfull \hbox (138.69653pt too wide) in paragraph at lines 310--311
 [][] 
 []

<./assets/Pictures/100002010000043800000438C6D70231BDF286FC.png, id=175, 813.03
75pt x 813.0375pt>
File: ./assets/Pictures/100002010000043800000438C6D70231BDF286FC.png Graphic fi
le (type png)
<use ./assets/Pictures/100002010000043800000438C6D70231BDF286FC.png>
Package pdftex.def Info: ./assets/Pictures/100002010000043800000438C6D70231BDF2
86FC.png  used on input line 316.
(pdftex.def)             Requested size: 483.69508pt x 483.69508pt.

Overfull \hbox (138.69508pt too wide) in paragraph at lines 316--317
 [][] 
 []


LaTeX Warning: Citation 'rudolfarnheimRadio2005' on page 26 undefined on input 
line 322.



[26]

[27 <./assets/Pictures/1000000000000400000004005745ADB05D1DDF55.jpg>]

[28 <./assets/Pictures/100002010000043800000438C6D70231BDF286FC.png>]

LaTeX Warning: Citation 'wakeHeadphoneVerbatimTheatre2013' on page 29 undefined
 on input line 328.



[29]

[30]

LaTeX Warning: Citation 'rudolfarnheimRadio2005' on page 31 undefined on input 
line 340.


LaTeX Warning: Citation 'rudolfarnheimRadio2005' on page 31 undefined on input 
line 342.



[31]

LaTeX Warning: Citation 'sebastienschmitzCreerEspaceRadiophonique2024' on page 
32 undefined on input line 344.


LaTeX Warning: Citation 'jeannebovetFaireVoirEcoute2016' on page 32 undefined o
n input line 344.


LaTeX Warning: Citation 'rudolfarnheimRadio2005' on page 32 undefined on input 
line 344.


Overfull \hbox (57.211pt too wide) in paragraph at lines 344--345
\T1/lmr/m/n/10 (-20) pre-miers es-sais de Brecht pour \T1/lmr/m/it/10 (-20) Vol
 au des-sus de l'océan\T1/lmr/m/n/10 (-20) [[]]).
 []



[32]

[33]

LaTeX Warning: Citation 'danieldeshaysImpossibleFacadeUsage2016' on page 34 und
efined on input line 350.



[34]

[35]

LaTeX Warning: Citation 'freudInquietanteEtrangeteAutres2020' on page 36 undefi
ned on input line 356.


LaTeX Warning: Citation 'pauldeharmePourArtRadiophonique1930' on page 36 undefi
ned on input line 356.



[36]

[37]

[38]

LaTeX Warning: Citation 'DokiDokiLiteraturea' on page 39 undefined on input lin
e 388.


LaTeX Warning: Citation 'PlaytestBlackMirror2024' on page 39 undefined on input
 line 388.



[39]

LaTeX Warning: Citation 'moriValleeEtrange2012' on page 40 undefined on input l
ine 390.



[40]
Overfull \hbox (16.36612pt too wide) in paragraph at lines 435--435
[]|\T1/lmr/m/n/10 (-20) Partie 
 []


Overfull \hbox (16.36612pt too wide) in paragraph at lines 436--436
[]|\T1/lmr/m/n/10 (-20) Partie 
 []


Overfull \hbox (5.77078pt too wide) in paragraph at lines 436--436
[]|\T1/lmr/m/n/10 (-20) Répartition 
 []


Overfull \hbox (16.36612pt too wide) in paragraph at lines 437--437
[]|\T1/lmr/m/n/10 (-20) Partie 
 []

[41]

[42]

[43]

LaTeX Warning: Reference `fig:fig-2' on page 44 undefined on input line 452.


LaTeX Warning: Citation 'apollinaireCalligrammes2013' on page 44 undefined on i
nput line 452.



[44]
<./assets/Pictures/100000000000057800000313E82B7C8B91FC9DF7.jpg, id=293, 1405.2
5pt x 789.95125pt>
File: ./assets/Pictures/100000000000057800000313E82B7C8B91FC9DF7.jpg Graphic fi
le (type jpg)
<use ./assets/Pictures/100000000000057800000313E82B7C8B91FC9DF7.jpg>
Package pdftex.def Info: ./assets/Pictures/100000000000057800000313E82B7C8B91FC
9DF7.jpg  used on input line 456.
(pdftex.def)             Requested size: 483.61101pt x 271.85846pt.

Overfull \hbox (138.61101pt too wide) in paragraph at lines 456--457
 [][] 
 []



[45 <./assets/Pictures/100000000000057800000313E82B7C8B91FC9DF7.jpg>]

LaTeX Warning: Citation 'raymondqueneauCentMilleMilliards1961' on page 46 undef
ined on input line 468.


LaTeX Warning: Citation 'vegaTransmediaGrandeConvergence2012a' on page 46 undef
ined on input line 468.


LaTeX Warning: Citation 'noussommesiciNoShowShowmustgoonTout' on page 46 undefi
ned on input line 468.



[46]

LaTeX Warning: Citation 'noussommesiciNoShowShowmustgoonTout' on page 47 undefi
ned on input line 472.


LaTeX Warning: Citation 'marionsiefert_jeanne_dark_2020' on page 47 undefined o
n input line 474.



[47]

[48]

[49]

[50]
<./assets/Pictures/10000201000004B0000002A59C804766341ECEC8.png, id=325, 722.7p
t x 407.72325pt>
File: ./assets/Pictures/10000201000004B0000002A59C804766341ECEC8.png Graphic fi
le (type png)
<use ./assets/Pictures/10000201000004B0000002A59C804766341ECEC8.png>
Package pdftex.def Info: ./assets/Pictures/10000201000004B0000002A59C804766341E
CEC8.png  used on input line 508.
(pdftex.def)             Requested size: 483.6551pt x 272.86208pt.

Overfull \hbox (138.6551pt too wide) in paragraph at lines 508--509
 [][] 
 []

<./assets/Pictures/10000201000004AC000002A4296D0393AE6C478A.png, id=326, 720.29
1pt x 407.121pt>
File: ./assets/Pictures/10000201000004AC000002A4296D0393AE6C478A.png Graphic fi
le (type png)
<use ./assets/Pictures/10000201000004AC000002A4296D0393AE6C478A.png>
Package pdftex.def Info: ./assets/Pictures/10000201000004AC000002A4296D0393AE6C
478A.png  used on input line 514.
(pdftex.def)             Requested size: 483.69153pt x 273.39087pt.

Overfull \hbox (138.69153pt too wide) in paragraph at lines 514--515
 [][] 
 []


LaTeX Warning: Citation 'LecturesFeministesStream' on page 51 undefined on inpu
t line 518.



[51]

[52 <./assets/Pictures/10000201000004B0000002A59C804766341ECEC8.png>]

[53 <./assets/Pictures/10000201000004AC000002A4296D0393AE6C478A.png>]

[54]

LaTeX Warning: Citation 'douyereYoutubeEspaceExpression2019' on page 55 undefin
ed on input line 541.


LaTeX Warning: Citation 'blastlesouffledelinfoTELEVISIONQUANDBOURDIEU2024' on p
age 55 undefined on input line 543.


LaTeX Warning: Citation 'dujarierTravailConsommateur2014' on page 55 undefined 
on input line 543.


Overfull \hbox (6.1225pt too wide) in paragraph at lines 543--544
\T1/lmr/m/n/10 (-20) également.[[]]
 []



[55]

[56]

[57]

LaTeX Warning: Citation 'gerardflorensonCrisePorcineSpecificite' on page 58 und
efined on input line 565.



[58]

[59]

[60]

LaTeX Warning: Reference `fig:fig-2' on page 61 undefined on input line 581.

<./assets/Pictures/100000000000178000000FB057924CC19D0CB325.jpg, id=380, 6038.5
6pt x 4031.06pt>
File: ./assets/Pictures/100000000000178000000FB057924CC19D0CB325.jpg Graphic fi
le (type jpg)
<use ./assets/Pictures/100000000000178000000FB057924CC19D0CB325.jpg>
Package pdftex.def Info: ./assets/Pictures/100000000000178000000FB057924CC19D0C
B325.jpg  used on input line 585.
(pdftex.def)             Requested size: 483.55537pt x 322.79893pt.

Overfull \hbox (138.55537pt too wide) in paragraph at lines 585--586
 [][] 
 []



[61]

[62 <./assets/Pictures/100000000000178000000FB057924CC19D0CB325.jpg>]

[63]

[64]

LaTeX Warning: Citation 'foucaultFautDefendreSociete1997' on page 65 undefined 
on input line 605.


LaTeX Warning: Citation 'mbembeNecropolitique2006' on page 65 undefined on inpu
t line 605.


LaTeX Warning: Reference `fig:fig-2' on page 65 undefined on input line 605.


LaTeX Warning: Citation 'hubertgodardGesteSaPerception1995' on page 65 undefine
d on input line 605.



[65]
<./assets/Pictures/1000000000000FB0000017807737EBE500DFEDA9.jpg, id=408, 4031.0
6pt x 6038.56pt>
File: ./assets/Pictures/1000000000000FB0000017807737EBE500DFEDA9.jpg Graphic fi
le (type jpg)
<use ./assets/Pictures/1000000000000FB0000017807737EBE500DFEDA9.jpg>
Package pdftex.def Info: ./assets/Pictures/1000000000000FB0000017807737EBE500DF
EDA9.jpg  used on input line 609.
(pdftex.def)             Requested size: 483.64482pt x 724.50381pt.

Overfull \hbox (138.64482pt too wide) in paragraph at lines 609--610
 [][] 
 []


LaTeX Warning: Float too large for page by 208.50381pt on input line 611.



[66]

[67 <./assets/Pictures/1000000000000FB0000017807737EBE500DFEDA9.jpg>]

[68]

LaTeX Warning: Citation 'FifteenMillionMerits2024' on page 69 undefined on inpu
t line 653.



[69]

[70]

[71]

[72]

[73]

LaTeX Warning: Citation 'babeauParticipationPolitiqueCitoyens2014' on page 74 u
ndefined on input line 687.


LaTeX Warning: Citation 'salmonaCyberviolencesAvenementLiberte2023a' on page 74
 undefined on input line 687.


LaTeX Warning: Reference `fig:fig-2' on page 74 undefined on input line 687.


LaTeX Warning: Reference `fig:fig-2' on page 74 undefined on input line 687.



[74]

[75]
<./assets/Pictures/10000000000002C90000033B3685D1B2CD1D3AA1.jpg, id=458, 715.67
375pt x 830.10126pt>
File: ./assets/Pictures/10000000000002C90000033B3685D1B2CD1D3AA1.jpg Graphic fi
le (type jpg)
<use ./assets/Pictures/10000000000002C90000033B3685D1B2CD1D3AA1.jpg>
Package pdftex.def Info: ./assets/Pictures/10000000000002C90000033B3685D1B2CD1D
3AA1.jpg  used on input line 691.
(pdftex.def)             Requested size: 429.40756pt x 498.0646pt.

Overfull \hbox (84.40756pt too wide) in paragraph at lines 691--692
 [][] 
 []

<./assets/Pictures/10000000000002CC00000282FA9628046E788F8B.jpg, id=459, 718.68
5pt x 644.4075pt>
File: ./assets/Pictures/10000000000002CC00000282FA9628046E788F8B.jpg Graphic fi
le (type jpg)
<use ./assets/Pictures/10000000000002CC00000282FA9628046E788F8B.jpg>
Package pdftex.def Info: ./assets/Pictures/10000000000002CC00000282FA9628046E78
8F8B.jpg  used on input line 697.
(pdftex.def)             Requested size: 431.21432pt x 386.64748pt.

Overfull \hbox (86.21432pt too wide) in paragraph at lines 697--698
 [][] 
 []


LaTeX Warning: Citation 'lacinquiemePierreBourdieuPlateau1996' on page 76 undef
ined on input line 701.


LaTeX Warning: Citation 'babeauParticipationPolitiqueCitoyens2014' on page 76 u
ndefined on input line 701.


LaTeX Warning: Citation 'cardonDemocratieInternetPromesses2010' on page 76 unde
fined on input line 701.


Underfull \hbox (badness 1048) in paragraph at lines 701--702
[]\T1/lmr/m/n/10 (+20) Pierre Bour-dieu rap-pelle à un des jour-na-listes de l'
émis-sion \T1/lmr/m/it/10 (+20) Ar-rêt sur
 []


Underfull \hbox (badness 1365) in paragraph at lines 701--702
\T1/lmr/m/n/10 (+20) sur Internet.[[]] Il op-pose la
 []



[76]

[77 <./assets/Pictures/10000000000002C90000033B3685D1B2CD1D3AA1.jpg>]

[78 <./assets/Pictures/10000000000002CC00000282FA9628046E788F8B.jpg>]

[79]

LaTeX Warning: Citation 'huxleyMeilleurMondes1932' on page 80 undefined on inpu
t line 709.


LaTeX Warning: Citation 'harcourtSocieteExpositionDesir2020' on page 80 undefin
ed on input line 709.



[80]
Overfull \hbox (20.24112pt too wide) in paragraph at lines 737--738
[]\T1/lmr/m/n/10 (-20) Pseudo 
 []


Overfull \hbox (11.30281pt too wide) in paragraph at lines 737--738
\T1/lmr/m/n/10 (-20) d'uti- 
 []


Overfull \hbox (4.76965pt too wide) in paragraph at lines 737--738
\T1/lmr/m/n/10 (-20) teu- 
 []


Overfull \hbox (4.83353pt too wide) in paragraph at lines 737--738
\T1/lmr/m/n/10 (-20) rice  
 []


Overfull \hbox (42.17099pt too wide) in paragraph at lines 741--742
[]\T1/lmr/m/n/10 (-20) Salutations  
 []


Overfull \hbox (27.2671pt too wide) in paragraph at lines 743--744
[]\T1/lmr/m/n/10 (-20) Réactions 
 []


Overfull \hbox (5.59436pt too wide) in paragraph at lines 743--744
\T1/lmr/m/n/10 (-20) spec- 
 []


Overfull \hbox (5.84335pt too wide) in paragraph at lines 743--744
\T1/lmr/m/n/10 (-20) tacle  
 []


Overfull \hbox (3.48187pt too wide) in paragraph at lines 745--746
[]\T1/lmr/m/n/10 (-20) Défiance 
 []


Overfull \hbox (7.7015pt too wide) in paragraph at lines 745--746
\T1/lmr/m/n/10 (-20) exécution  
 []


Overfull \hbox (15.85165pt too wide) in paragraph at lines 747--748
[]\T1/lmr/m/n/10 (-20) Défiance 
 []


Overfull \hbox (2.96602pt too wide) in paragraph at lines 747--748
\T1/lmr/m/n/10 (-20) trans- 
 []


Overfull \hbox (11.15494pt too wide) in paragraph at lines 747--748
\T1/lmr/m/n/10 (-20) vité\TS1/lmr/m/n/10 (-20) ·\T1/lmr/m/n/10 (-20) es  
 []


Overfull \hbox (50.4929pt too wide) in paragraph at lines 749--750
[]\T1/lmr/m/n/10 (-20) Commentaires 
 []


Overfull \hbox (3.35019pt too wide) in paragraph at lines 749--750
\T1/lmr/m/n/10 (-20) pro 
 []


Overfull \hbox (3.45906pt too wide) in paragraph at lines 749--750
\T1/lmr/m/n/10 (-20) Pig 
 []


Overfull \hbox (5.53345pt too wide) in paragraph at lines 749--750
\T1/lmr/m/n/10 (-20) Boy  
 []


Overfull \hbox (13.04388pt too wide) in paragraph at lines 751--752
[]\T1/lmr/m/n/10 (-20) Hors- 
 []


Overfull \hbox (11.6945pt too wide) in paragraph at lines 751--752
\T1/lmr/m/n/10 (-20) sujet 
 []


Overfull \hbox (13.8696pt too wide) in paragraph at lines 751--752
\T1/lmr/m/n/10 (-20) spam  
 []


Overfull \hbox (2.4557pt too wide) in paragraph at lines 757--757
[]|\T1/lmr/m/n/10 (-20) 1er 
 []


Overfull \hbox (7.7952pt too wide) in paragraph at lines 757--757
\T1/lmr/m/n/10 (-20) chat|  
 []


Overfull \hbox (56.64803pt too wide) in paragraph at lines 758--758
[]|\T1/lmr/m/n/10 (-20) SLYDEJONES.|  
 []


Overfull \hbox (11.88393pt too wide) in paragraph at lines 759--759
[]|\T1/lmr/m/n/10 (-20) 5737.|  
 []


Overfull \hbox (39.24211pt too wide) in paragraph at lines 760--760
[]|\T1/lmr/m/n/10 (-20) XENIA764.|  
 []


Overfull \hbox (27.12881pt too wide) in paragraph at lines 761--761
[]|\T1/lmr/m/n/10 (-20) MONIA.|  
 []


Overfull \hbox (43.59673pt too wide) in paragraph at lines 762--762
[]|\T1/lmr/m/n/10 (-20) STBRIEUC.|  
 []


Overfull \hbox (59.38675pt too wide) in paragraph at lines 763--763
[]|\T1/lmr/m/n/10 (-20) LOLA.JIVERA.|  
 []


Overfull \hbox (7.7952pt too wide) in paragraph at lines 764--764
\T1/lmr/m/n/10 (-20) chat|  
 []


Overfull \hbox (35.4314pt too wide) in paragraph at lines 765--765
[]|\T1/lmr/m/n/10 (-20) YESMAN.|  
 []


Overfull \hbox (35.2782pt too wide) in paragraph at lines 766--766
[]|\T1/lmr/m/n/10 (-20) NATHAN.|  
 []


Overfull \hbox (100.20265pt too wide) in paragraph at lines 767--767
[]|\T1/lmr/m/n/10 (-20) TRUELOVE_AUSTRIA.|  
 []


Overfull \hbox (11.71422pt too wide) in paragraph at lines 768--768
[]|\T1/lmr/m/n/10 (-20) PAT.|  
 []


Overfull \hbox (27.26404pt too wide) in paragraph at lines 769--769
[]|\T1/lmr/m/n/10 (-20) BIRD89.|  
 []


Overfull \hbox (21.13904pt too wide) in paragraph at lines 770--770
[]|\T1/lmr/m/n/10 (-20) BABO.|  
 []


Overfull \hbox (63.46918pt too wide) in paragraph at lines 771--771
[]|\T1/lmr/m/n/10 (-20) PRINCESSCHA.|  
 []


Overfull \hbox (7.7952pt too wide) in paragraph at lines 772--772
\T1/lmr/m/n/10 (-20) chat|  
 []


Overfull \hbox (37.46736pt too wide) in paragraph at lines 773--773
[]|\T1/lmr/m/n/10 (-20) MABROU.|  
 []


Overfull \hbox (66.03883pt too wide) in paragraph at lines 774--774
[]|\T1/lmr/m/n/10 (-20) NORBERT97654.|  
 []


Overfull \hbox (20.32318pt too wide) in paragraph at lines 775--775
[]|\T1/lmr/m/n/10 (-20) KLEO.|  
 []


Overfull \hbox (56.66455pt too wide) in paragraph at lines 776--776
[]|\T1/lmr/m/n/10 (-20) MIAMI_VICE.|  
 []


Overfull \hbox (25.49467pt too wide) in paragraph at lines 777--777
[]|\T1/lmr/m/n/10 (-20) BELLA.|  
 []


Overfull \hbox (85.3339pt too wide) in paragraph at lines 778--778
[]|\T1/lmr/m/n/10 (-20) WHATWHATWHAT.|  
 []


Overfull \hbox (43.73398pt too wide) in paragraph at lines 779--779
[]|\T1/lmr/m/n/10 (-20) JULIANNA.|  
 []


Overfull \hbox (29.3064pt too wide) in paragraph at lines 780--780
[]|\T1/lmr/m/n/10 (-20) ANONY.|  
 []


Overfull \hbox (31.87025pt too wide) in paragraph at lines 781--781
[]|\T1/lmr/m/n/10 (-20) VALUK9.|  
 []


Overfull \hbox (32.30026pt too wide) in paragraph at lines 782--782
[]|\T1/lmr/m/n/10 (-20) IDRISSA.|  
 []


Overfull \hbox (24.48888pt too wide) in paragraph at lines 783--783
[]|\T1/lmr/m/n/10 (-20) NAJAT- 
 []


Overfull \hbox (21.27621pt too wide) in paragraph at lines 783--783
\T1/lmr/m/n/10 (-20) LOOK.|  
 []


Overfull \hbox (6.0309pt too wide) in paragraph at lines 784--784
[]|\T1/lmr/m/n/10 (-20) È!Ç 
 []


Overfull \hbox (28.08139pt too wide) in paragraph at lines 785--785
[]|\T1/lmr/m/n/10 (-20) OULAH.|  
 []


Overfull \hbox (24.90817pt too wide) in paragraph at lines 786--786
[]|\T1/lmr/m/n/10 (-20) JACOB- 
 []


Overfull \hbox (35.84003pt too wide) in paragraph at lines 786--786
\T1/lmr/m/n/10 (-20) LONDON.|  
 []


Overfull \hbox (36.1115pt too wide) in paragraph at lines 787--787
[]|\T1/lmr/m/n/10 (-20) AÏCHOUI.|  
 []


Overfull \hbox (24.67247pt too wide) in paragraph at lines 788--788
[]|\T1/lmr/m/n/10 (-20) RUBIO.|  
 []


Overfull \hbox (49.97821pt too wide) in paragraph at lines 789--789
[]|\T1/lmr/m/n/10 (-20) AANATHAN.|  
 []


Overfull \hbox (68.96515pt too wide) in paragraph at lines 790--790
[]|\T1/lmr/m/n/10 (-20) ORIENTALGIRL.|  
 []


Overfull \hbox (63.72511pt too wide) in paragraph at lines 791--791
[]|\T1/lmr/m/n/10 (-20) HEADINSTARS.|  
 []


Overfull \hbox (20.57816pt too wide) in paragraph at lines 792--792
[]|\T1/lmr/m/n/10 (-20) YASSI.|  
 []


Overfull \hbox (31.47859pt too wide) in paragraph at lines 793--793
[]|\T1/lmr/m/n/10 (-20) DANILO.|  
 []


Overfull \hbox (7.7952pt too wide) in paragraph at lines 794--794
\T1/lmr/m/n/10 (-20) chat|  
 []


Overfull \hbox (21.13956pt too wide) in paragraph at lines 795--795
[]|\T1/lmr/m/n/10 (-20) CLEM.|  
 []


Overfull \hbox (22.36455pt too wide) in paragraph at lines 796--796
[]|\T1/lmr/m/n/10 (-20) FELIX.|  
 []


Overfull \hbox (47.56769pt too wide) in paragraph at lines 797--797
[]|\T1/lmr/m/n/10 (-20) JINGLEFOX. 
 []


Overfull \hbox (61.97221pt too wide) in paragraph at lines 798--798
[]|\T1/lmr/m/n/10 (-20) NUITÉTOILÉE.|  
 []


Overfull \hbox (26.9921pt too wide) in paragraph at lines 799--799
[]|\T1/lmr/m/n/10 (-20) WHITE.|  
 []


Overfull \hbox (11.8302pt too wide) in paragraph at lines 800--800
[]|\T1/lmr/m/n/10 (-20) CAT- 
 []


Overfull \hbox (43.18372pt too wide) in paragraph at lines 801--801
[]|\T1/lmr/m/n/10 (-20) MERCURE.|  
 []


Overfull \hbox (36.92247pt too wide) in paragraph at lines 802--802
[]|\T1/lmr/m/n/10 (-20) PROUSTI.|  
 []


Overfull \hbox (2.0472pt too wide) in paragraph at lines 803--803
[]|\T1/lmr/m/n/10 (-20) NI- 
 []


Overfull \hbox (6.60396pt too wide) in paragraph at lines 803--803
\T1/lmr/m/n/10 (-20) AN.|  
 []


Overfull \hbox (42.64516pt too wide) in paragraph at lines 804--804
[]|\T1/lmr/m/n/10 (-20) FRANCKY.|  
 []


Overfull \hbox (64.35487pt too wide) in paragraph at lines 805--805
[]|\T1/lmr/m/n/10 (-20) MARIAMA.GUI.|  
 []


Overfull \hbox (22.77364pt too wide) in paragraph at lines 806--806
[]|\T1/lmr/m/n/10 (-20) OOOO.|  
 []


Overfull \hbox (57.07318pt too wide) in paragraph at lines 807--807
[]|\T1/lmr/m/n/10 (-20) KOOLCHENU.|  
 []


Overfull \hbox (13.22818pt too wide) in paragraph at lines 808--808
[]|\T1/lmr/m/n/10 (-20) NAT.|  
 []



[81] [82] [83] [84] [85]

[86]

[87]

LaTeX Warning: Empty bibliography on input line 820.



[88] (main.aux)
 ***********
LaTeX2e <2024-06-01> patch level 2
L3 programming layer <2024-05-27>
 ***********


LaTeX Warning: There were undefined references.


Package biblatex Warning: Please (re)run Biber on the file:
(biblatex)                main
(biblatex)                and rerun LaTeX afterwards.

Package logreq Info: Writing requests to 'main.run.xml'.
\openout1 = `main.run.xml'.

 ) 
Here is how much of TeX's memory you used:
 23925 strings out of 473903
 426410 string characters out of 5724219
 2022908 words of memory out of 5000000
 45973 multiletter control sequences out of 15000+600000
 645949 words of font info for 255 fonts, out of 8000000 for 9000
 1141 hyphenation exceptions out of 8191
 77i,8n,81p,5931b,1921s stack positions out of 10000i,1000n,20000p,200000b,200000s
<C:/Users/adminLocal/AppData/Local/Programs/MiKTeX/fonts/type1/public/lm/lmbx
10.pfb><C:/Users/adminLocal/AppData/Local/Programs/MiKTeX/fonts/type1/public/lm
/lmbx12.pfb><C:/Users/adminLocal/AppData/Local/Programs/MiKTeX/fonts/type1/publ
ic/lm/lmbx8.pfb><C:/Users/adminLocal/AppData/Local/Programs/MiKTeX/fonts/type1/
public/lm/lmbxi10.pfb><C:/Users/adminLocal/AppData/Local/Programs/MiKTeX/fonts/
type1/public/lm/lmr10.pfb><C:/Users/adminLocal/AppData/Local/Programs/MiKTeX/fo
nts/type1/public/lm/lmr12.pfb><C:/Users/adminLocal/AppData/Local/Programs/MiKTe
X/fonts/type1/public/lm/lmr17.pfb><C:/Users/adminLocal/AppData/Local/Programs/M
iKTeX/fonts/type1/public/lm/lmr6.pfb><C:/Users/adminLocal/AppData/Local/Program
s/MiKTeX/fonts/type1/public/lm/lmr7.pfb><C:/Users/adminLocal/AppData/Local/Prog
rams/MiKTeX/fonts/type1/public/lm/lmr8.pfb><C:/Users/adminLocal/AppData/Local/P
rograms/MiKTeX/fonts/type1/public/lm/lmri10.pfb><C:/Users/adminLocal/AppData/Lo
cal/Programs/MiKTeX/fonts/type1/public/lm/lmri8.pfb>
Output written on main.pdf (88 pages, 20071425 bytes).
PDF statistics:
 728 PDF objects out of 1000 (max. 8388607)
 173 named destinations out of 1000 (max. 500000)
 47468 words of extra memory for PDF output out of 51595 (max. 10000000)

